<?xml version="1.0" encoding="UTF-8"?>
<testsuite name="com.moon.toyproject.springboot.web.HelloControllerTest" tests="1" skipped="0" failures="0" errors="0" timestamp="2021-01-20T10:07:12" hostname="DESKTOP-ATJ6FQN" time="0.657">
  <properties/>
  <testcase name="hello가_리턴된다" classname="com.moon.toyproject.springboot.web.HelloControllerTest" time="0.657"/>
  <system-out><![CDATA[19:07:07.249 [Test worker] DEBUG org.springframework.test.context.junit4.SpringJUnit4ClassRunner - SpringJUnit4ClassRunner constructor called with [class com.moon.toyproject.springboot.web.HelloControllerTest]
19:07:07.263 [Test worker] DEBUG org.springframework.test.context.BootstrapUtils - Instantiating CacheAwareContextLoaderDelegate from class [org.springframework.test.context.cache.DefaultCacheAwareContextLoaderDelegate]
19:07:07.275 [Test worker] DEBUG org.springframework.test.context.BootstrapUtils - Instantiating BootstrapContext using constructor [public org.springframework.test.context.support.DefaultBootstrapContext(java.lang.Class,org.springframework.test.context.CacheAwareContextLoaderDelegate)]
19:07:07.298 [Test worker] DEBUG org.springframework.test.context.BootstrapUtils - Instantiating TestContextBootstrapper for test class [com.moon.toyproject.springboot.web.HelloControllerTest] from class [org.springframework.boot.test.autoconfigure.web.servlet.WebMvcTestContextBootstrapper]
19:07:07.328 [Test worker] INFO org.springframework.boot.test.autoconfigure.web.servlet.WebMvcTestContextBootstrapper - Neither @ContextConfiguration nor @ContextHierarchy found for test class [com.moon.toyproject.springboot.web.HelloControllerTest], using SpringBootContextLoader
19:07:07.333 [Test worker] DEBUG org.springframework.test.context.support.AbstractContextLoader - Did not detect default resource location for test class [com.moon.toyproject.springboot.web.HelloControllerTest]: class path resource [com/moon/toyproject/springboot/web/HelloControllerTest-context.xml] does not exist
19:07:07.334 [Test worker] DEBUG org.springframework.test.context.support.AbstractContextLoader - Did not detect default resource location for test class [com.moon.toyproject.springboot.web.HelloControllerTest]: class path resource [com/moon/toyproject/springboot/web/HelloControllerTestContext.groovy] does not exist
19:07:07.334 [Test worker] INFO org.springframework.test.context.support.AbstractContextLoader - Could not detect default resource locations for test class [com.moon.toyproject.springboot.web.HelloControllerTest]: no resource found for suffixes {-context.xml, Context.groovy}.
19:07:07.335 [Test worker] INFO org.springframework.test.context.support.AnnotationConfigContextLoaderUtils - Could not detect default configuration classes for test class [com.moon.toyproject.springboot.web.HelloControllerTest]: HelloControllerTest does not declare any static, non-private, non-final, nested classes annotated with @Configuration.
19:07:07.448 [Test worker] DEBUG org.springframework.test.context.support.ActiveProfilesUtils - Could not find an 'annotation declaring class' for annotation type [org.springframework.test.context.ActiveProfiles] and class [com.moon.toyproject.springboot.web.HelloControllerTest]
19:07:07.612 [Test worker] DEBUG org.springframework.context.annotation.ClassPathScanningCandidateComponentProvider - Identified candidate component class: file [C:\Users\ansdu\git\springboot2-toyproject\build\classes\java\main\com\moon\toyproject\springboot\Application.class]
19:07:07.615 [Test worker] INFO org.springframework.boot.test.context.SpringBootTestContextBootstrapper - Found @SpringBootConfiguration com.moon.toyproject.springboot.Application for test class com.moon.toyproject.springboot.web.HelloControllerTest
19:07:07.618 [Test worker] DEBUG org.springframework.boot.test.autoconfigure.web.servlet.WebMvcTestContextBootstrapper - @TestExecutionListeners is not present for class [com.moon.toyproject.springboot.web.HelloControllerTest]: using defaults.
19:07:07.620 [Test worker] INFO org.springframework.boot.test.autoconfigure.web.servlet.WebMvcTestContextBootstrapper - Loaded default TestExecutionListener class names from location [META-INF/spring.factories]: [org.springframework.security.test.context.support.WithSecurityContextTestExecutionListener, org.springframework.security.test.context.support.ReactorContextTestExecutionListener, org.springframework.boot.test.autoconfigure.restdocs.RestDocsTestExecutionListener, org.springframework.boot.test.autoconfigure.web.client.MockRestServiceServerResetTestExecutionListener, org.springframework.boot.test.autoconfigure.web.servlet.MockMvcPrintOnlyOnFailureTestExecutionListener, org.springframework.boot.test.autoconfigure.web.servlet.WebDriverTestExecutionListener, org.springframework.boot.test.mock.mockito.MockitoTestExecutionListener, org.springframework.boot.test.mock.mockito.ResetMocksTestExecutionListener, org.springframework.test.context.web.ServletTestExecutionListener, org.springframework.test.context.support.DirtiesContextBeforeModesTestExecutionListener, org.springframework.test.context.support.DependencyInjectionTestExecutionListener, org.springframework.test.context.support.DirtiesContextTestExecutionListener, org.springframework.test.context.transaction.TransactionalTestExecutionListener, org.springframework.test.context.jdbc.SqlScriptsTestExecutionListener]
19:07:07.665 [Test worker] INFO org.springframework.boot.test.autoconfigure.web.servlet.WebMvcTestContextBootstrapper - Using TestExecutionListeners: [org.springframework.test.context.web.ServletTestExecutionListener@e5a4a5d, org.springframework.test.context.support.DirtiesContextBeforeModesTestExecutionListener@49cc6b30, org.springframework.boot.test.mock.mockito.MockitoTestExecutionListener@29b2c64f, org.springframework.boot.test.autoconfigure.SpringBootDependencyInjectionTestExecutionListener@1901ca0e, org.springframework.test.context.support.DirtiesContextTestExecutionListener@45d563d1, org.springframework.test.context.transaction.TransactionalTestExecutionListener@6fea05b0, org.springframework.test.context.jdbc.SqlScriptsTestExecutionListener@50d536bc, org.springframework.security.test.context.support.WithSecurityContextTestExecutionListener@4793c712, org.springframework.security.test.context.support.ReactorContextTestExecutionListener@2936ffda, org.springframework.boot.test.autoconfigure.restdocs.RestDocsTestExecutionListener@16cea8c9, org.springframework.boot.test.autoconfigure.web.client.MockRestServiceServerResetTestExecutionListener@6fd70c7a, org.springframework.boot.test.autoconfigure.web.servlet.MockMvcPrintOnlyOnFailureTestExecutionListener@3625edc5, org.springframework.boot.test.autoconfigure.web.servlet.WebDriverTestExecutionListener@28f31cf4, org.springframework.boot.test.mock.mockito.ResetMocksTestExecutionListener@4b9861c3]
19:07:07.673 [Test worker] DEBUG org.springframework.test.annotation.ProfileValueUtils - Retrieved @ProfileValueSourceConfiguration [null] for test class [com.moon.toyproject.springboot.web.HelloControllerTest]
19:07:07.674 [Test worker] DEBUG org.springframework.test.annotation.ProfileValueUtils - Retrieved ProfileValueSource type [class org.springframework.test.annotation.SystemProfileValueSource] for class [com.moon.toyproject.springboot.web.HelloControllerTest]
19:07:07.684 [Test worker] DEBUG org.springframework.test.annotation.ProfileValueUtils - Retrieved @ProfileValueSourceConfiguration [null] for test class [com.moon.toyproject.springboot.web.HelloControllerTest]
19:07:07.684 [Test worker] DEBUG org.springframework.test.annotation.ProfileValueUtils - Retrieved ProfileValueSource type [class org.springframework.test.annotation.SystemProfileValueSource] for class [com.moon.toyproject.springboot.web.HelloControllerTest]
19:07:07.685 [Test worker] DEBUG org.springframework.test.annotation.ProfileValueUtils - Retrieved @ProfileValueSourceConfiguration [null] for test class [com.moon.toyproject.springboot.web.HelloControllerTest]
19:07:07.686 [Test worker] DEBUG org.springframework.test.annotation.ProfileValueUtils - Retrieved ProfileValueSource type [class org.springframework.test.annotation.SystemProfileValueSource] for class [com.moon.toyproject.springboot.web.HelloControllerTest]
19:07:07.694 [Test worker] DEBUG org.springframework.test.context.support.AbstractDirtiesContextTestExecutionListener - Before test class: context [DefaultTestContext@2e39a386 testClass = HelloControllerTest, testInstance = [null], testMethod = [null], testException = [null], mergedContextConfiguration = [WebMergedContextConfiguration@2411a6df testClass = HelloControllerTest, locations = '{}', classes = '{class com.moon.toyproject.springboot.Application}', contextInitializerClasses = '[]', activeProfiles = '{}', propertySourceLocations = '{}', propertySourceProperties = '{org.springframework.boot.test.autoconfigure.web.servlet.WebMvcTestContextBootstrapper=true}', contextCustomizers = set[org.springframework.boot.test.autoconfigure.OverrideAutoConfigurationContextCustomizerFactory$DisableAutoConfigurationContextCustomizer@7d84c09f, org.springframework.boot.test.autoconfigure.filter.TypeExcludeFiltersContextCustomizer@605d2cc1, org.springframework.boot.test.autoconfigure.properties.PropertyMappingContextCustomizer@77d88d9, org.springframework.boot.test.autoconfigure.web.servlet.WebDriverContextCustomizerFactory$Customizer@3260d1e9, [ImportsContextCustomizer@3040c04d key = [org.springframework.boot.autoconfigure.cache.CacheAutoConfiguration, org.springframework.boot.autoconfigure.context.MessageSourceAutoConfiguration, org.springframework.boot.autoconfigure.data.web.SpringDataWebAutoConfiguration, org.springframework.boot.autoconfigure.freemarker.FreeMarkerAutoConfiguration, org.springframework.boot.autoconfigure.groovy.template.GroovyTemplateAutoConfiguration, org.springframework.boot.autoconfigure.gson.GsonAutoConfiguration, org.springframework.boot.autoconfigure.hateoas.HypermediaAutoConfiguration, org.springframework.boot.autoconfigure.http.HttpMessageConvertersAutoConfiguration, org.springframework.boot.autoconfigure.jackson.JacksonAutoConfiguration, org.springframework.boot.autoconfigure.jsonb.JsonbAutoConfiguration, org.springframework.boot.autoconfigure.mustache.MustacheAutoConfiguration, org.springframework.boot.autoconfigure.task.TaskExecutionAutoConfiguration, org.springframework.boot.autoconfigure.thymeleaf.ThymeleafAutoConfiguration, org.springframework.boot.autoconfigure.validation.ValidationAutoConfiguration, org.springframework.boot.autoconfigure.web.servlet.error.ErrorMvcAutoConfiguration, org.springframework.boot.autoconfigure.web.servlet.WebMvcAutoConfiguration, org.springframework.boot.test.autoconfigure.web.servlet.MockMvcAutoConfiguration, org.springframework.boot.test.autoconfigure.web.servlet.MockMvcSecurityAutoConfiguration, org.springframework.boot.test.autoconfigure.web.servlet.MockMvcWebClientAutoConfiguration, org.springframework.boot.test.autoconfigure.web.servlet.MockMvcWebDriverAutoConfiguration]], org.springframework.boot.test.context.filter.ExcludeFilterContextCustomizer@2acd2ee3, org.springframework.boot.test.json.DuplicateJsonObjectContextCustomizerFactory$DuplicateJsonObjectContextCustomizer@357fc4e2, org.springframework.boot.test.mock.mockito.MockitoContextCustomizer@0], resourceBasePath = 'src/main/webapp', contextLoader = 'org.springframework.boot.test.context.SpringBootContextLoader', parent = [null]], attributes = map[[empty]]], class annotated with @DirtiesContext [false] with mode [null].
19:07:07.696 [Test worker] DEBUG org.springframework.test.annotation.ProfileValueUtils - Retrieved @ProfileValueSourceConfiguration [null] for test class [com.moon.toyproject.springboot.web.HelloControllerTest]
19:07:07.696 [Test worker] DEBUG org.springframework.test.annotation.ProfileValueUtils - Retrieved ProfileValueSource type [class org.springframework.test.annotation.SystemProfileValueSource] for class [com.moon.toyproject.springboot.web.HelloControllerTest]
19:07:07.705 [Test worker] DEBUG org.springframework.test.context.support.DependencyInjectionTestExecutionListener - Performing dependency injection for test context [[DefaultTestContext@2e39a386 testClass = HelloControllerTest, testInstance = com.moon.toyproject.springboot.web.HelloControllerTest@33e08f85, testMethod = [null], testException = [null], mergedContextConfiguration = [WebMergedContextConfiguration@2411a6df testClass = HelloControllerTest, locations = '{}', classes = '{class com.moon.toyproject.springboot.Application}', contextInitializerClasses = '[]', activeProfiles = '{}', propertySourceLocations = '{}', propertySourceProperties = '{org.springframework.boot.test.autoconfigure.web.servlet.WebMvcTestContextBootstrapper=true}', contextCustomizers = set[org.springframework.boot.test.autoconfigure.OverrideAutoConfigurationContextCustomizerFactory$DisableAutoConfigurationContextCustomizer@7d84c09f, org.springframework.boot.test.autoconfigure.filter.TypeExcludeFiltersContextCustomizer@605d2cc1, org.springframework.boot.test.autoconfigure.properties.PropertyMappingContextCustomizer@77d88d9, org.springframework.boot.test.autoconfigure.web.servlet.WebDriverContextCustomizerFactory$Customizer@3260d1e9, [ImportsContextCustomizer@3040c04d key = [org.springframework.boot.autoconfigure.cache.CacheAutoConfiguration, org.springframework.boot.autoconfigure.context.MessageSourceAutoConfiguration, org.springframework.boot.autoconfigure.data.web.SpringDataWebAutoConfiguration, org.springframework.boot.autoconfigure.freemarker.FreeMarkerAutoConfiguration, org.springframework.boot.autoconfigure.groovy.template.GroovyTemplateAutoConfiguration, org.springframework.boot.autoconfigure.gson.GsonAutoConfiguration, org.springframework.boot.autoconfigure.hateoas.HypermediaAutoConfiguration, org.springframework.boot.autoconfigure.http.HttpMessageConvertersAutoConfiguration, org.springframework.boot.autoconfigure.jackson.JacksonAutoConfiguration, org.springframework.boot.autoconfigure.jsonb.JsonbAutoConfiguration, org.springframework.boot.autoconfigure.mustache.MustacheAutoConfiguration, org.springframework.boot.autoconfigure.task.TaskExecutionAutoConfiguration, org.springframework.boot.autoconfigure.thymeleaf.ThymeleafAutoConfiguration, org.springframework.boot.autoconfigure.validation.ValidationAutoConfiguration, org.springframework.boot.autoconfigure.web.servlet.error.ErrorMvcAutoConfiguration, org.springframework.boot.autoconfigure.web.servlet.WebMvcAutoConfiguration, org.springframework.boot.test.autoconfigure.web.servlet.MockMvcAutoConfiguration, org.springframework.boot.test.autoconfigure.web.servlet.MockMvcSecurityAutoConfiguration, org.springframework.boot.test.autoconfigure.web.servlet.MockMvcWebClientAutoConfiguration, org.springframework.boot.test.autoconfigure.web.servlet.MockMvcWebDriverAutoConfiguration]], org.springframework.boot.test.context.filter.ExcludeFilterContextCustomizer@2acd2ee3, org.springframework.boot.test.json.DuplicateJsonObjectContextCustomizerFactory$DuplicateJsonObjectContextCustomizer@357fc4e2, org.springframework.boot.test.mock.mockito.MockitoContextCustomizer@0], resourceBasePath = 'src/main/webapp', contextLoader = 'org.springframework.boot.test.context.SpringBootContextLoader', parent = [null]], attributes = map[[empty]]]].
19:07:07.933 [Test worker] DEBUG org.springframework.test.context.support.TestPropertySourceUtils - Adding inlined properties to environment: {spring.jmx.enabled=false, org.springframework.boot.test.autoconfigure.web.servlet.WebMvcTestContextBootstrapper=true, server.port=-1}

  .   ____          _            __ _ _
 /\\ / ___'_ __ _ _(_)_ __  __ _ \ \ \ \
( ( )\___ | '_ | '_| | '_ \/ _` | \ \ \ \
 \\/  ___)| |_)| | | | | || (_| |  ) ) ) )
  '  |____| .__|_| |_|_| |_\__, | / / / /
 =========|_|==============|___/=/_/_/_/
 :: Spring Boot ::        (v2.1.7.RELEASE)

2021-01-20 19:07:08.499  INFO 18508 --- [    Test worker] c.m.t.s.web.HelloControllerTest          : Starting HelloControllerTest on DESKTOP-ATJ6FQN with PID 18508 (started by ansdu in C:\Users\ansdu\git\springboot2-toyproject)
2021-01-20 19:07:08.502  INFO 18508 --- [    Test worker] c.m.t.s.web.HelloControllerTest          : No active profile set, falling back to default profiles: default
2021-01-20 19:07:11.061  INFO 18508 --- [    Test worker] o.s.s.concurrent.ThreadPoolTaskExecutor  : Initializing ExecutorService 'applicationTaskExecutor'
2021-01-20 19:07:11.242  INFO 18508 --- [    Test worker] o.s.b.a.w.s.WelcomePageHandlerMapping    : Adding welcome page template: index
2021-01-20 19:07:11.825  INFO 18508 --- [    Test worker] .s.s.UserDetailsServiceAutoConfiguration : 

Using generated security password: d192a002-6e99-4191-9147-197ee61e7521

2021-01-20 19:07:12.220  INFO 18508 --- [    Test worker] o.s.s.web.DefaultSecurityFilterChain     : Creating filter chain: any request, [org.springframework.security.web.context.request.async.WebAsyncManagerIntegrationFilter@6fdc804b, org.springframework.security.web.context.SecurityContextPersistenceFilter@7e464b7a, org.springframework.security.web.header.HeaderWriterFilter@713cb3e1, org.springframework.security.web.csrf.CsrfFilter@273d72f, org.springframework.security.web.authentication.logout.LogoutFilter@cf25ec6, org.springframework.security.web.authentication.UsernamePasswordAuthenticationFilter@1045aa33, org.springframework.security.web.authentication.ui.DefaultLoginPageGeneratingFilter@446255bc, org.springframework.security.web.authentication.ui.DefaultLogoutPageGeneratingFilter@52c9e49b, org.springframework.security.web.authentication.www.BasicAuthenticationFilter@3e34079a, org.springframework.security.web.savedrequest.RequestCacheAwareFilter@73e09dc1, org.springframework.security.web.servletapi.SecurityContextHolderAwareRequestFilter@3de933a6, org.springframework.security.web.authentication.AnonymousAuthenticationFilter@47197d07, org.springframework.security.web.session.SessionManagementFilter@60ea5e75, org.springframework.security.web.access.ExceptionTranslationFilter@4217caca, org.springframework.security.web.access.intercept.FilterSecurityInterceptor@5d36a238]
2021-01-20 19:07:12.311  INFO 18508 --- [    Test worker] o.s.b.t.m.w.SpringBootMockServletContext : Initializing Spring TestDispatcherServlet ''
2021-01-20 19:07:12.311  INFO 18508 --- [    Test worker] o.s.t.web.servlet.TestDispatcherServlet  : Initializing Servlet ''
2021-01-20 19:07:12.334  INFO 18508 --- [    Test worker] o.s.t.web.servlet.TestDispatcherServlet  : Completed initialization in 23 ms
2021-01-20 19:07:12.423  INFO 18508 --- [    Test worker] c.m.t.s.web.HelloControllerTest          : Started HelloControllerTest in 4.467 seconds (JVM running for 8.049)
]]></system-out>
  <system-err><![CDATA[]]></system-err>
</testsuite>
